<?xml version="1.0" encoding="UTF-8"?>
<!-- Generated by org.testng.reporters.JUnitReportReporter -->
<testsuite hostname="SL-LP-DELL-860" failures="0" tests="1" name="com.testng.demos.ExampleTestCases" time="10.788" errors="0" timestamp="2023-07-19T17:58:28 IST" skipped="0">
  <testcase classname="com.testng.demos.ExampleTestCases" name="TestGoogle" time="10.788"/>
</testsuite> <!-- com.testng.demos.ExampleTestCases -->
