<?xml version="1.0" encoding="UTF-8"?>
<!-- Generated by org.testng.reporters.JUnitReportReporter -->
<testsuite hostname="SL-LP-DELL-860" failures="0" tests="2" name="com.testng.demos.DemoAnnotations" time="0.018" errors="0" timestamp="2023-07-19T17:16:15 IST" skipped="0">
  <testcase classname="com.testng.demos.DemoAnnotations" name="TestMethod2" time="0.004"/>
  <testcase classname="com.testng.demos.DemoAnnotations" name="TestMethod1" time="0.014"/>
</testsuite> <!-- com.testng.demos.DemoAnnotations -->
