<?xml version="1.0" encoding="UTF-8"?>
<!-- Generated by org.testng.reporters.JUnitReportReporter -->
<testsuite hostname="SL-LP-DELL-860" failures="0" tests="1" name="com.testng.demos.OrangeHRMTests" time="5.656" errors="0" timestamp="2023-07-19T17:58:28 IST" skipped="0">
  <testcase classname="com.testng.demos.OrangeHRMTests" name="LaunchApp" time="5.656"/>
</testsuite> <!-- com.testng.demos.OrangeHRMTests -->
