<?xml version="1.0" encoding="UTF-8"?>
<!-- Generated by org.testng.reporters.JUnitReportReporter -->
<testsuite hostname="DESKTOP-N78T2PC" failures="0" tests="1" name="com.test.registertest" time="22.050" errors="0" timestamp="2023-07-24T19:03:22 IST" skipped="0">
  <testcase classname="com.test.registertest" name="f" time="22.050"/>
</testsuite> <!-- com.test.registertest -->
