<?xml version="1.0" encoding="UTF-8"?>
<!-- Generated by org.testng.reporters.JUnitReportReporter -->
<testsuite hostname="DESKTOP-N78T2PC" failures="0" tests="1" name="com.test.logintest" time="32.655" errors="0" timestamp="2023-07-24T19:03:22 IST" skipped="0">
  <testcase classname="com.test.logintest" name="facebook" time="32.655"/>
</testsuite> <!-- com.test.logintest -->
